<?xml version="1.0" encoding="UTF-8"?>
<testng-results ignored="0" total="1" passed="1" failed="0" skipped="0">
  <reporter-output>
  </reporter-output>
  <suite started-at="2022-08-24T16:01:12 IST" name="Default suite" finished-at="2022-08-24T16:01:19 IST" duration-ms="6822">
    <groups>
    </groups>
    <test started-at="2022-08-24T16:01:12 IST" name="Default test" finished-at="2022-08-24T16:01:19 IST" duration-ms="6822">
      <class name="com.vassarlabs.test.AddCustomer">
        <test-method signature="addCustomer()[pri:0, instance:com.vassarlabs.test.AddCustomer@201a4587]" started-at="2022-08-24T16:01:12 IST" name="addCustomer" finished-at="2022-08-24T16:01:19 IST" duration-ms="6718" status="PASS">
          <reporter-output>
          </reporter-output>
        </test-method> <!-- addCustomer -->
      </class> <!-- com.vassarlabs.test.AddCustomer -->
    </test> <!-- Default test -->
  </suite> <!-- Default suite -->
</testng-results>
